mode: set
github.com/jongschneider/ai-toolbox/tools/appender/main.go:24.39,26.32 2 1
github.com/jongschneider/ai-toolbox/tools/appender/main.go:26.32,27.20 1 1
github.com/jongschneider/ai-toolbox/tools/appender/main.go:27.20,29.4 1 1
github.com/jongschneider/ai-toolbox/tools/appender/main.go:29.9,31.4 1 0
github.com/jongschneider/ai-toolbox/tools/appender/main.go:34.2,35.19 2 1
github.com/jongschneider/ai-toolbox/tools/appender/main.go:35.19,37.3 1 0
github.com/jongschneider/ai-toolbox/tools/appender/main.go:39.2,39.80 1 1
github.com/jongschneider/ai-toolbox/tools/appender/main.go:49.71,51.16 2 0
github.com/jongschneider/ai-toolbox/tools/appender/main.go:51.16,53.3 1 0
github.com/jongschneider/ai-toolbox/tools/appender/main.go:55.2,65.18 3 0
github.com/jongschneider/ai-toolbox/tools/appender/main.go:68.31,70.2 1 0
github.com/jongschneider/ai-toolbox/tools/appender/main.go:72.32,74.2 1 0
github.com/jongschneider/ai-toolbox/tools/appender/main.go:76.58,77.27 1 0
github.com/jongschneider/ai-toolbox/tools/appender/main.go:78.18,79.23 1 0
github.com/jongschneider/ai-toolbox/tools/appender/main.go:80.22,81.22 1 0
github.com/jongschneider/ai-toolbox/tools/appender/main.go:82.18,83.20 1 0
github.com/jongschneider/ai-toolbox/tools/appender/main.go:83.20,85.5 1 0
github.com/jongschneider/ai-toolbox/tools/appender/main.go:86.20,87.37 1 0
github.com/jongschneider/ai-toolbox/tools/appender/main.go:87.37,89.5 1 0
github.com/jongschneider/ai-toolbox/tools/appender/main.go:90.12,92.25 2 0
github.com/jongschneider/ai-toolbox/tools/appender/main.go:92.25,94.5 1 0
github.com/jongschneider/ai-toolbox/tools/appender/main.go:94.10,96.5 1 0
github.com/jongschneider/ai-toolbox/tools/appender/main.go:97.17,99.25 2 0
github.com/jongschneider/ai-toolbox/tools/appender/main.go:99.25,102.5 2 0
github.com/jongschneider/ai-toolbox/tools/appender/main.go:103.16,105.22 2 0
github.com/jongschneider/ai-toolbox/tools/appender/main.go:108.2,108.15 1 0
github.com/jongschneider/ai-toolbox/tools/appender/main.go:111.52,113.38 2 0
github.com/jongschneider/ai-toolbox/tools/appender/main.go:113.38,114.18 1 0
github.com/jongschneider/ai-toolbox/tools/appender/main.go:114.18,116.4 1 0
github.com/jongschneider/ai-toolbox/tools/appender/main.go:116.9,118.4 1 0
github.com/jongschneider/ai-toolbox/tools/appender/main.go:122.31,125.35 2 0
github.com/jongschneider/ai-toolbox/tools/appender/main.go:125.35,127.20 2 0
github.com/jongschneider/ai-toolbox/tools/appender/main.go:127.20,129.4 1 0
github.com/jongschneider/ai-toolbox/tools/appender/main.go:129.9,131.4 1 0
github.com/jongschneider/ai-toolbox/tools/appender/main.go:132.3,132.29 1 0
github.com/jongschneider/ai-toolbox/tools/appender/main.go:135.2,138.19 2 0
github.com/jongschneider/ai-toolbox/tools/appender/main.go:141.34,146.16 4 0
github.com/jongschneider/ai-toolbox/tools/appender/main.go:146.16,148.3 1 0
github.com/jongschneider/ai-toolbox/tools/appender/main.go:151.79,152.34 1 0
github.com/jongschneider/ai-toolbox/tools/appender/main.go:152.34,155.17 3 0
github.com/jongschneider/ai-toolbox/tools/appender/main.go:155.17,157.4 1 0
github.com/jongschneider/ai-toolbox/tools/appender/main.go:160.2,160.38 1 0
github.com/jongschneider/ai-toolbox/tools/appender/main.go:160.38,162.3 1 0
github.com/jongschneider/ai-toolbox/tools/appender/main.go:165.13,167.22 2 0
github.com/jongschneider/ai-toolbox/tools/appender/main.go:167.22,169.3 1 0
github.com/jongschneider/ai-toolbox/tools/appender/main.go:171.2,172.16 2 0
github.com/jongschneider/ai-toolbox/tools/appender/main.go:172.16,175.3 2 0
github.com/jongschneider/ai-toolbox/tools/appender/main.go:177.2,186.35 4 0
github.com/jongschneider/ai-toolbox/tools/appender/main.go:186.35,189.3 2 0
github.com/jongschneider/ai-toolbox/tools/appender/tree.go:10.72,13.16 2 1
github.com/jongschneider/ai-toolbox/tools/appender/tree.go:13.16,16.3 2 0
github.com/jongschneider/ai-toolbox/tools/appender/tree.go:19.2,19.32 1 1
github.com/jongschneider/ai-toolbox/tools/appender/tree.go:19.32,20.59 1 1
github.com/jongschneider/ai-toolbox/tools/appender/tree.go:20.59,21.12 1 1
github.com/jongschneider/ai-toolbox/tools/appender/tree.go:24.3,40.22 5 1
github.com/jongschneider/ai-toolbox/tools/appender/tree.go:40.22,43.14 2 1
github.com/jongschneider/ai-toolbox/tools/appender/tree.go:43.14,45.5 1 1
github.com/jongschneider/ai-toolbox/tools/appender/tree.go:45.10,47.5 1 1
github.com/jongschneider/ai-toolbox/tools/appender/tree.go:49.4,49.72 1 1
github.com/jongschneider/ai-toolbox/tools/appender/tree.go:49.72,52.5 1 0
github.com/jongschneider/ai-toolbox/tools/appender/tree.go:56.2,56.12 1 1
github.com/jongschneider/ai-toolbox/tools/appender/tree.go:60.59,61.12 1 1
github.com/jongschneider/ai-toolbox/tools/appender/tree.go:61.12,63.3 1 1
github.com/jongschneider/ai-toolbox/tools/appender/tree.go:64.2,64.36 1 1
github.com/jongschneider/ai-toolbox/tools/appender/tree.go:68.45,72.33 2 1
github.com/jongschneider/ai-toolbox/tools/appender/tree.go:72.33,73.39 1 1
github.com/jongschneider/ai-toolbox/tools/appender/tree.go:73.39,76.4 1 1
github.com/jongschneider/ai-toolbox/tools/appender/tree.go:80.2,80.15 1 1
