mode: set
github.com/jongschneider/ai-toolbox/tools/appender/main.go:32.74,34.16 2 1
github.com/jongschneider/ai-toolbox/tools/appender/main.go:34.16,36.3 1 0
github.com/jongschneider/ai-toolbox/tools/appender/main.go:38.2,48.17 2 1
github.com/jongschneider/ai-toolbox/tools/appender/main.go:48.17,50.3 1 0
github.com/jongschneider/ai-toolbox/tools/appender/main.go:52.2,53.16 2 1
github.com/jongschneider/ai-toolbox/tools/appender/main.go:53.16,55.3 1 0
github.com/jongschneider/ai-toolbox/tools/appender/main.go:56.2,58.16 3 1
github.com/jongschneider/ai-toolbox/tools/appender/main.go:58.16,60.3 1 0
github.com/jongschneider/ai-toolbox/tools/appender/main.go:62.2,65.29 3 1
github.com/jongschneider/ai-toolbox/tools/appender/main.go:65.29,77.17 4 1
github.com/jongschneider/ai-toolbox/tools/appender/main.go:77.17,78.57 1 1
github.com/jongschneider/ai-toolbox/tools/appender/main.go:78.57,80.5 1 0
github.com/jongschneider/ai-toolbox/tools/appender/main.go:82.4,82.27 1 1
github.com/jongschneider/ai-toolbox/tools/appender/main.go:85.3,85.24 1 1
github.com/jongschneider/ai-toolbox/tools/appender/main.go:85.24,89.4 3 1
github.com/jongschneider/ai-toolbox/tools/appender/main.go:89.9,92.4 2 1
github.com/jongschneider/ai-toolbox/tools/appender/main.go:94.3,94.33 1 1
github.com/jongschneider/ai-toolbox/tools/appender/main.go:94.33,98.30 4 1
github.com/jongschneider/ai-toolbox/tools/appender/main.go:98.30,99.13 1 0
github.com/jongschneider/ai-toolbox/tools/appender/main.go:101.4,102.54 2 1
github.com/jongschneider/ai-toolbox/tools/appender/main.go:105.3,106.51 2 1
github.com/jongschneider/ai-toolbox/tools/appender/main.go:115.2,115.18 1 1
github.com/jongschneider/ai-toolbox/tools/appender/main.go:118.65,120.16 2 0
github.com/jongschneider/ai-toolbox/tools/appender/main.go:120.16,122.3 1 0
github.com/jongschneider/ai-toolbox/tools/appender/main.go:124.2,133.12 2 0
github.com/jongschneider/ai-toolbox/tools/appender/main.go:133.12,135.3 1 0
github.com/jongschneider/ai-toolbox/tools/appender/main.go:135.8,135.46 1 0
github.com/jongschneider/ai-toolbox/tools/appender/main.go:135.46,137.3 1 0
github.com/jongschneider/ai-toolbox/tools/appender/main.go:139.2,139.16 1 0
github.com/jongschneider/ai-toolbox/tools/appender/main.go:139.16,141.17 2 0
github.com/jongschneider/ai-toolbox/tools/appender/main.go:141.17,143.4 1 0
github.com/jongschneider/ai-toolbox/tools/appender/main.go:145.3,145.33 1 0
github.com/jongschneider/ai-toolbox/tools/appender/main.go:145.33,148.38 3 0
github.com/jongschneider/ai-toolbox/tools/appender/main.go:148.38,149.13 1 0
github.com/jongschneider/ai-toolbox/tools/appender/main.go:151.4,151.52 1 0
github.com/jongschneider/ai-toolbox/tools/appender/main.go:155.2,155.18 1 0
github.com/jongschneider/ai-toolbox/tools/appender/main.go:158.31,162.2 3 1
github.com/jongschneider/ai-toolbox/tools/appender/main.go:164.60,168.35 3 1
github.com/jongschneider/ai-toolbox/tools/appender/main.go:168.35,170.3 1 1
github.com/jongschneider/ai-toolbox/tools/appender/main.go:172.2,172.38 1 1
github.com/jongschneider/ai-toolbox/tools/appender/main.go:172.38,174.32 2 1
github.com/jongschneider/ai-toolbox/tools/appender/main.go:174.32,176.4 1 1
github.com/jongschneider/ai-toolbox/tools/appender/main.go:176.9,178.4 1 1
github.com/jongschneider/ai-toolbox/tools/appender/main.go:182.52,185.32 3 0
github.com/jongschneider/ai-toolbox/tools/appender/main.go:185.32,186.20 1 0
github.com/jongschneider/ai-toolbox/tools/appender/main.go:186.20,188.4 1 0
github.com/jongschneider/ai-toolbox/tools/appender/main.go:188.9,190.4 1 0
github.com/jongschneider/ai-toolbox/tools/appender/main.go:193.2,194.19 2 0
github.com/jongschneider/ai-toolbox/tools/appender/main.go:194.19,196.3 1 0
github.com/jongschneider/ai-toolbox/tools/appender/main.go:198.2,198.75 1 0
github.com/jongschneider/ai-toolbox/tools/appender/main.go:201.32,203.2 1 0
github.com/jongschneider/ai-toolbox/tools/appender/main.go:205.58,206.27 1 0
github.com/jongschneider/ai-toolbox/tools/appender/main.go:207.18,208.23 1 0
github.com/jongschneider/ai-toolbox/tools/appender/main.go:209.22,210.22 1 0
github.com/jongschneider/ai-toolbox/tools/appender/main.go:211.18,212.20 1 0
github.com/jongschneider/ai-toolbox/tools/appender/main.go:212.20,214.5 1 0
github.com/jongschneider/ai-toolbox/tools/appender/main.go:215.20,216.37 1 0
github.com/jongschneider/ai-toolbox/tools/appender/main.go:216.37,218.5 1 0
github.com/jongschneider/ai-toolbox/tools/appender/main.go:219.12,221.25 2 0
github.com/jongschneider/ai-toolbox/tools/appender/main.go:221.25,223.5 1 0
github.com/jongschneider/ai-toolbox/tools/appender/main.go:223.10,225.5 1 0
github.com/jongschneider/ai-toolbox/tools/appender/main.go:226.17,228.25 2 0
github.com/jongschneider/ai-toolbox/tools/appender/main.go:228.25,231.5 2 0
github.com/jongschneider/ai-toolbox/tools/appender/main.go:232.16,234.22 2 0
github.com/jongschneider/ai-toolbox/tools/appender/main.go:237.2,237.15 1 0
github.com/jongschneider/ai-toolbox/tools/appender/main.go:240.52,242.38 2 0
github.com/jongschneider/ai-toolbox/tools/appender/main.go:242.38,243.18 1 0
github.com/jongschneider/ai-toolbox/tools/appender/main.go:243.18,245.4 1 0
github.com/jongschneider/ai-toolbox/tools/appender/main.go:245.9,247.4 1 0
github.com/jongschneider/ai-toolbox/tools/appender/main.go:251.31,254.35 2 0
github.com/jongschneider/ai-toolbox/tools/appender/main.go:254.35,256.20 2 0
github.com/jongschneider/ai-toolbox/tools/appender/main.go:256.20,258.4 1 0
github.com/jongschneider/ai-toolbox/tools/appender/main.go:258.9,260.4 1 0
github.com/jongschneider/ai-toolbox/tools/appender/main.go:261.3,261.29 1 0
github.com/jongschneider/ai-toolbox/tools/appender/main.go:264.2,267.19 2 0
github.com/jongschneider/ai-toolbox/tools/appender/main.go:270.34,275.16 4 0
github.com/jongschneider/ai-toolbox/tools/appender/main.go:275.16,277.3 1 0
github.com/jongschneider/ai-toolbox/tools/appender/main.go:280.79,281.34 1 0
github.com/jongschneider/ai-toolbox/tools/appender/main.go:281.34,284.17 3 0
github.com/jongschneider/ai-toolbox/tools/appender/main.go:284.17,286.4 1 0
github.com/jongschneider/ai-toolbox/tools/appender/main.go:289.2,289.38 1 0
github.com/jongschneider/ai-toolbox/tools/appender/main.go:289.38,291.3 1 0
github.com/jongschneider/ai-toolbox/tools/appender/main.go:294.13,296.22 2 0
github.com/jongschneider/ai-toolbox/tools/appender/main.go:296.22,298.3 1 0
github.com/jongschneider/ai-toolbox/tools/appender/main.go:300.2,301.16 2 0
github.com/jongschneider/ai-toolbox/tools/appender/main.go:301.16,304.3 2 0
github.com/jongschneider/ai-toolbox/tools/appender/main.go:306.2,314.35 4 0
github.com/jongschneider/ai-toolbox/tools/appender/main.go:314.35,317.3 2 0
github.com/jongschneider/ai-toolbox/tools/appender/tree.go:17.37,19.2 1 0
github.com/jongschneider/ai-toolbox/tools/appender/tree.go:21.47,23.2 1 0
github.com/jongschneider/ai-toolbox/tools/appender/tree.go:25.42,27.2 1 0
github.com/jongschneider/ai-toolbox/tools/appender/tree.go:29.75,31.16 2 0
github.com/jongschneider/ai-toolbox/tools/appender/tree.go:31.16,33.3 1 0
github.com/jongschneider/ai-toolbox/tools/appender/tree.go:35.2,35.61 1 0
github.com/jongschneider/ai-toolbox/tools/appender/tree.go:35.61,37.3 1 0
github.com/jongschneider/ai-toolbox/tools/appender/tree.go:38.2,38.17 1 0
github.com/jongschneider/ai-toolbox/tools/appender/tree.go:38.17,40.3 1 0
github.com/jongschneider/ai-toolbox/tools/appender/tree.go:42.2,43.16 2 0
github.com/jongschneider/ai-toolbox/tools/appender/tree.go:43.16,45.3 1 0
github.com/jongschneider/ai-toolbox/tools/appender/tree.go:46.2,48.16 3 0
github.com/jongschneider/ai-toolbox/tools/appender/tree.go:48.16,50.3 1 0
github.com/jongschneider/ai-toolbox/tools/appender/tree.go:51.2,54.29 4 0
github.com/jongschneider/ai-toolbox/tools/appender/tree.go:54.29,55.24 1 0
github.com/jongschneider/ai-toolbox/tools/appender/tree.go:55.24,56.68 1 0
github.com/jongschneider/ai-toolbox/tools/appender/tree.go:56.68,58.5 1 0
github.com/jongschneider/ai-toolbox/tools/appender/tree.go:59.4,59.16 1 0
github.com/jongschneider/ai-toolbox/tools/appender/tree.go:60.9,61.68 1 0
github.com/jongschneider/ai-toolbox/tools/appender/tree.go:61.68,63.5 1 0
github.com/jongschneider/ai-toolbox/tools/appender/tree.go:65.3,66.17 2 0
github.com/jongschneider/ai-toolbox/tools/appender/tree.go:66.17,68.4 1 0
github.com/jongschneider/ai-toolbox/tools/appender/tree.go:69.3,69.32 1 0
github.com/jongschneider/ai-toolbox/tools/appender/tree.go:71.2,71.29 1 0
github.com/jongschneider/ai-toolbox/tools/appender/tree.go:74.44,76.26 2 1
github.com/jongschneider/ai-toolbox/tools/appender/tree.go:76.26,77.18 1 1
github.com/jongschneider/ai-toolbox/tools/appender/tree.go:77.18,79.4 1 1
github.com/jongschneider/ai-toolbox/tools/appender/tree.go:81.2,81.14 1 1
